<?xml version="1.0" encoding="UTF-8"?>
<!-- Generated by org.testng.reporters.JUnitReportReporter -->
<testsuite hostname="LAPTOP-GU5ACPCN" failures="0" tests="1" name="testdrivers.ReadData" time="3.181" errors="0" timestamp="06 Jun 2020 08:48:33 GMT" skipped="0">
  <testcase classname="testdrivers.ReadData" name="ReadExcelSetofData" time="3.181"/>
</testsuite> <!-- testdrivers.ReadData -->
