<?xml version="1.0" encoding="UTF-8"?>
<!-- Generated by org.testng.reporters.JUnitReportReporter -->
<testsuite hostname="LAPTOP-GU5ACPCN" failures="0" tests="1" name="testdrivers.webdriver" time="4.119" errors="0" timestamp="05 Jun 2020 09:22:30 GMT" skipped="0">
  <testcase classname="testdrivers.webdriver" name="openApplication" time="4.119"/>
</testsuite> <!-- testdrivers.webdriver -->
