<?xml version="1.0" encoding="UTF-8"?>
<!-- Generated by org.testng.reporters.JUnitReportReporter -->
<testsuite hostname="LAPTOP-GU5ACPCN" failures="0" tests="2" name="testdrivers.locators" time="8.286" errors="0" timestamp="05 Jun 2020 10:09:04 GMT" skipped="0">
  <testcase classname="testdrivers.locators" name="OpenApplication" time="3.010"/>
  <testcase classname="testdrivers.locators" name="LogIn" time="5.276"/>
</testsuite> <!-- testdrivers.locators -->
