<?xml version="1.0" encoding="UTF-8"?>
<!-- Generated by org.testng.reporters.JUnitReportReporter -->
<testsuite hostname="LAPTOP-GU5ACPCN" failures="0" tests="1" name="testdrivers.WriteExcel" time="3.326" errors="0" timestamp="06 Jun 2020 09:09:04 GMT" skipped="0">
  <testcase classname="testdrivers.WriteExcel" name="WriteExcelData" time="3.326"/>
</testsuite> <!-- testdrivers.WriteExcel -->
