<?xml version="1.0" encoding="UTF-8"?>
<!-- Generated by org.testng.reporters.JUnitReportReporter -->
<testsuite hostname="LAPTOP-GU5ACPCN" failures="0" tests="2" name="testdrivers.wait" time="6.044" errors="0" timestamp="05 Jun 2020 18:18:16 GMT" skipped="0">
  <testcase classname="testdrivers.wait" name="OpenApplication" time="3.361"/>
  <testcase classname="testdrivers.wait" name="LogIn" time="2.683"/>
</testsuite> <!-- testdrivers.wait -->
